2025-09-01 11:40:09 INFO Start run. data=data/processed/siamese, out=outputs/experiments\exp1_three_split\model_wt_only, mode=训练-验证-测试三分割, seeds=[42, 123, 456], device=CUDA
2025-09-01 11:40:09 INFO ==== SEED 42 ====
2025-09-01 11:40:10 INFO [SEED 42] Loaded split from data/processed/siamese\split_info.json (three-split)
2025-09-01 11:40:10 INFO [SEED 42] 三分割: Train=30042, Val=10013, Test=10013
2025-09-01 11:40:21 INFO [SEED 42 FOLD 0] Train size: 30042, Val size: 10013, in_dim: 384
2025-09-01 11:40:22 INFO [SEED 42 FOLD 0] Epoch 001 | Train 0.7901 | Val RMSE 1.2825 R2 -0.1661 AUC 0.6645
2025-09-01 11:40:23 INFO [SEED 42 FOLD 0] Epoch 002 | Train 0.7107 | Val RMSE 1.2050 R2 -0.0295 AUC 0.6899
2025-09-01 11:40:24 INFO [SEED 42 FOLD 0] Epoch 003 | Train 0.6914 | Val RMSE 1.3858 R2 -0.3616 AUC 0.6771
2025-09-01 11:40:25 INFO [SEED 42 FOLD 0] Epoch 004 | Train 0.6736 | Val RMSE 1.4500 R2 -0.4907 AUC 0.6866
2025-09-01 11:40:26 INFO [SEED 42 FOLD 0] Epoch 005 | Train 0.6569 | Val RMSE 1.5575 R2 -0.7199 AUC 0.6848
2025-09-01 11:40:30 INFO [SEED 42 FOLD 0] Epoch 010 | Train 0.6064 | Val RMSE 1.7377 R2 -1.1409 AUC 0.7048
2025-09-01 11:40:39 INFO [SEED 42 FOLD 0] Epoch 020 | Train 0.5528 | Val RMSE 1.7950 R2 -1.2846 AUC 0.6948
2025-09-01 11:40:48 INFO [SEED 42 FOLD 0] Epoch 030 | Train 0.5294 | Val RMSE 1.3598 R2 -0.3110 AUC 0.7146
2025-09-01 11:40:49 INFO [SEED 42 FOLD 0] 早停触发 at epoch 32
2025-09-01 11:41:01 INFO [SEED 42] 测试集 AUC-ROC: 0.6878
2025-09-01 11:41:01 INFO [SEED 42] 测试集结果: RMSE=1.7416, R2=-0.7969
2025-09-01 11:41:01 INFO ==== SEED 123 ====
2025-09-01 11:41:02 INFO [SEED 123] Loaded split from data/processed/siamese\split_info.json (three-split)
2025-09-01 11:41:02 INFO [SEED 123] 三分割: Train=30042, Val=10013, Test=10013
2025-09-01 11:41:14 INFO [SEED 123 FOLD 0] Train size: 30042, Val size: 10013, in_dim: 384
2025-09-01 11:41:15 INFO [SEED 123 FOLD 0] Epoch 001 | Train 0.7992 | Val RMSE 1.2556 R2 -0.1179 AUC 0.6688
2025-09-01 11:41:15 INFO [SEED 123 FOLD 0] Epoch 002 | Train 0.7131 | Val RMSE 1.4159 R2 -0.4214 AUC 0.6628
2025-09-01 11:41:16 INFO [SEED 123 FOLD 0] Epoch 003 | Train 0.6901 | Val RMSE 1.2618 R2 -0.1289 AUC 0.6601
2025-09-01 11:41:17 INFO [SEED 123 FOLD 0] Epoch 004 | Train 0.6748 | Val RMSE 1.4617 R2 -0.5149 AUC 0.6875
2025-09-01 11:41:18 INFO [SEED 123 FOLD 0] Epoch 005 | Train 0.6611 | Val RMSE 1.2615 R2 -0.1284 AUC 0.6681
2025-09-01 11:41:22 INFO [SEED 123 FOLD 0] Epoch 010 | Train 0.6092 | Val RMSE 1.4126 R2 -0.4149 AUC 0.6791
2025-09-01 11:41:31 INFO [SEED 123 FOLD 0] Epoch 020 | Train 0.5545 | Val RMSE 1.5777 R2 -0.7648 AUC 0.6943
2025-09-01 11:41:40 INFO [SEED 123 FOLD 0] Epoch 030 | Train 0.5311 | Val RMSE 1.4577 R2 -0.5066 AUC 0.6773
2025-09-01 11:41:41 INFO [SEED 123 FOLD 0] 早停触发 at epoch 31
2025-09-01 11:41:52 INFO [SEED 123] 测试集 AUC-ROC: 0.6542
2025-09-01 11:41:52 INFO [SEED 123] 测试集结果: RMSE=1.7302, R2=-0.7734
2025-09-01 11:41:52 INFO ==== SEED 456 ====
2025-09-01 11:41:53 INFO [SEED 456] Loaded split from data/processed/siamese\split_info.json (three-split)
2025-09-01 11:41:53 INFO [SEED 456] 三分割: Train=30042, Val=10013, Test=10013
2025-09-01 11:42:04 INFO [SEED 456 FOLD 0] Train size: 30042, Val size: 10013, in_dim: 384
2025-09-01 11:42:05 INFO [SEED 456 FOLD 0] Epoch 001 | Train 0.8079 | Val RMSE 1.4122 R2 -0.4141 AUC 0.6723
2025-09-01 11:42:06 INFO [SEED 456 FOLD 0] Epoch 002 | Train 0.7191 | Val RMSE 1.2347 R2 -0.0809 AUC 0.6750
2025-09-01 11:42:07 INFO [SEED 456 FOLD 0] Epoch 003 | Train 0.6941 | Val RMSE 1.3401 R2 -0.2733 AUC 0.6850
2025-09-01 11:42:08 INFO [SEED 456 FOLD 0] Epoch 004 | Train 0.6766 | Val RMSE 1.3767 R2 -0.3438 AUC 0.6662
2025-09-01 11:42:09 INFO [SEED 456 FOLD 0] Epoch 005 | Train 0.6619 | Val RMSE 1.5783 R2 -0.7663 AUC 0.6406
2025-09-01 11:42:13 INFO [SEED 456 FOLD 0] Epoch 010 | Train 0.6124 | Val RMSE 1.6614 R2 -0.9571 AUC 0.6958
2025-09-01 11:42:22 INFO [SEED 456 FOLD 0] Epoch 020 | Train 0.5570 | Val RMSE 1.6413 R2 -0.9101 AUC 0.6665
2025-09-01 11:42:31 INFO [SEED 456 FOLD 0] Epoch 030 | Train 0.5315 | Val RMSE 1.3126 R2 -0.2217 AUC 0.6825
2025-09-01 11:42:32 INFO [SEED 456 FOLD 0] 早停触发 at epoch 32
2025-09-01 11:42:44 INFO [SEED 456] 测试集 AUC-ROC: 0.6804
2025-09-01 11:42:44 INFO [SEED 456] 测试集结果: RMSE=1.6384, R2=-0.5901
2025-09-01 11:42:44 INFO Summary saved to summary_metrics.json
2025-09-01 20:14:22 INFO Start run. data=data/processed/siamese, out=outputs/experiments/exp1_three_split/model_wt_only, mode=训练-验证-测试三分割, seeds=[42, 123, 456], device=CUDA
2025-09-01 20:14:22 INFO ==== SEED 42 ====
2025-09-01 20:14:23 INFO [SEED 42] Loaded split from data/processed/siamese/split_info.json (three-split)
2025-09-01 20:14:23 INFO [SEED 42] 三分割: Train=30042, Val=10013, Test=10013
2025-09-01 20:14:35 INFO [SEED 42 FOLD 0] Train size: 30042, Val size: 10013, in_dim: 384
2025-09-01 20:14:37 INFO [SEED 42 FOLD 0] Epoch 001 | Train 0.7901 | Val RMSE 1.2825 R2 -0.1661 AUC 0.6645
2025-09-01 20:14:38 INFO [SEED 42 FOLD 0] Epoch 002 | Train 0.7107 | Val RMSE 1.2050 R2 -0.0295 AUC 0.6899
2025-09-01 20:14:39 INFO [SEED 42 FOLD 0] Epoch 003 | Train 0.6914 | Val RMSE 1.3858 R2 -0.3616 AUC 0.6771
2025-09-01 20:14:40 INFO [SEED 42 FOLD 0] Epoch 004 | Train 0.6736 | Val RMSE 1.4500 R2 -0.4907 AUC 0.6866
2025-09-01 20:14:40 INFO [SEED 42 FOLD 0] Epoch 005 | Train 0.6569 | Val RMSE 1.5575 R2 -0.7199 AUC 0.6848
2025-09-01 20:14:45 INFO [SEED 42 FOLD 0] Epoch 010 | Train 0.6064 | Val RMSE 1.7377 R2 -1.1409 AUC 0.7048
2025-09-01 20:14:53 INFO [SEED 42 FOLD 0] Epoch 020 | Train 0.5528 | Val RMSE 1.7950 R2 -1.2846 AUC 0.6948
2025-09-01 20:15:02 INFO [SEED 42 FOLD 0] Epoch 030 | Train 0.5294 | Val RMSE 1.3598 R2 -0.3110 AUC 0.7146
2025-09-01 20:15:04 INFO [SEED 42 FOLD 0] 早停触发 at epoch 32
2025-09-01 20:15:15 INFO [SEED 42] 测试集 AUC-ROC: 0.6878
2025-09-01 20:15:15 INFO [SEED 42] 测试集结果: RMSE=1.7416, R2=-0.7969
2025-09-01 20:15:15 INFO ==== SEED 123 ====
2025-09-01 20:15:15 INFO [SEED 123] Loaded split from data/processed/siamese/split_info.json (three-split)
2025-09-01 20:15:15 INFO [SEED 123] 三分割: Train=30042, Val=10013, Test=10013
2025-09-01 20:15:27 INFO [SEED 123 FOLD 0] Train size: 30042, Val size: 10013, in_dim: 384
2025-09-01 20:15:27 INFO [SEED 123 FOLD 0] Epoch 001 | Train 0.7992 | Val RMSE 1.2556 R2 -0.1179 AUC 0.6688
2025-09-01 20:15:28 INFO [SEED 123 FOLD 0] Epoch 002 | Train 0.7131 | Val RMSE 1.4159 R2 -0.4214 AUC 0.6628
2025-09-01 20:15:29 INFO [SEED 123 FOLD 0] Epoch 003 | Train 0.6901 | Val RMSE 1.2618 R2 -0.1289 AUC 0.6601
2025-09-01 20:15:30 INFO [SEED 123 FOLD 0] Epoch 004 | Train 0.6748 | Val RMSE 1.4617 R2 -0.5149 AUC 0.6875
2025-09-01 20:15:31 INFO [SEED 123 FOLD 0] Epoch 005 | Train 0.6611 | Val RMSE 1.2615 R2 -0.1284 AUC 0.6681
2025-09-01 20:15:36 INFO [SEED 123 FOLD 0] Epoch 010 | Train 0.6092 | Val RMSE 1.4126 R2 -0.4149 AUC 0.6791
2025-09-01 20:15:45 INFO [SEED 123 FOLD 0] Epoch 020 | Train 0.5545 | Val RMSE 1.5777 R2 -0.7648 AUC 0.6943
2025-09-01 20:15:53 INFO [SEED 123 FOLD 0] Epoch 030 | Train 0.5311 | Val RMSE 1.4577 R2 -0.5066 AUC 0.6773
2025-09-01 20:15:54 INFO [SEED 123 FOLD 0] 早停触发 at epoch 31
2025-09-01 20:16:06 INFO [SEED 123] 测试集 AUC-ROC: 0.6542
2025-09-01 20:16:06 INFO [SEED 123] 测试集结果: RMSE=1.7302, R2=-0.7734
2025-09-01 20:16:06 INFO ==== SEED 456 ====
2025-09-01 20:16:07 INFO [SEED 456] Loaded split from data/processed/siamese/split_info.json (three-split)
2025-09-01 20:16:07 INFO [SEED 456] 三分割: Train=30042, Val=10013, Test=10013
2025-09-01 20:16:18 INFO [SEED 456 FOLD 0] Train size: 30042, Val size: 10013, in_dim: 384
2025-09-01 20:16:18 INFO [SEED 456 FOLD 0] Epoch 001 | Train 0.8079 | Val RMSE 1.4122 R2 -0.4141 AUC 0.6723
2025-09-01 20:16:19 INFO [SEED 456 FOLD 0] Epoch 002 | Train 0.7191 | Val RMSE 1.2347 R2 -0.0809 AUC 0.6750
2025-09-01 20:16:20 INFO [SEED 456 FOLD 0] Epoch 003 | Train 0.6941 | Val RMSE 1.3401 R2 -0.2733 AUC 0.6850
2025-09-01 20:16:21 INFO [SEED 456 FOLD 0] Epoch 004 | Train 0.6766 | Val RMSE 1.3767 R2 -0.3438 AUC 0.6662
2025-09-01 20:16:22 INFO [SEED 456 FOLD 0] Epoch 005 | Train 0.6619 | Val RMSE 1.5783 R2 -0.7663 AUC 0.6406
2025-09-01 20:16:26 INFO [SEED 456 FOLD 0] Epoch 010 | Train 0.6124 | Val RMSE 1.6614 R2 -0.9571 AUC 0.6958
2025-09-01 20:16:35 INFO [SEED 456 FOLD 0] Epoch 020 | Train 0.5570 | Val RMSE 1.6413 R2 -0.9101 AUC 0.6665
2025-09-01 20:16:44 INFO [SEED 456 FOLD 0] Epoch 030 | Train 0.5315 | Val RMSE 1.3126 R2 -0.2217 AUC 0.6825
2025-09-01 20:16:46 INFO [SEED 456 FOLD 0] 早停触发 at epoch 32
2025-09-01 20:16:57 INFO [SEED 456] 测试集 AUC-ROC: 0.6804
2025-09-01 20:16:57 INFO [SEED 456] 测试集结果: RMSE=1.6384, R2=-0.5901
2025-09-01 20:16:57 INFO Summary saved to summary_metrics.json
