2025-09-01 11:36:49 INFO Start run. data=data/processed/siamese, out=outputs/experiments\exp1_three_split\model_mut_only, mode=训练-验证-测试三分割, seeds=[42, 123, 456], device=CUDA
2025-09-01 11:36:49 INFO ==== SEED 42 ====
2025-09-01 11:36:49 INFO [SEED 42] Loaded split from data/processed/siamese\split_info.json (three-split)
2025-09-01 11:36:49 INFO [SEED 42] 三分割: Train=30042, Val=10013, Test=10013
2025-09-01 11:37:01 INFO [SEED 42 FOLD 0] Train size: 30042, Val size: 10013, in_dim: 384
2025-09-01 11:37:02 INFO [SEED 42 FOLD 0] Epoch 001 | Train 0.7796 | Val RMSE 1.3153 R2 -0.2266 AUC 0.6681
2025-09-01 11:37:03 INFO [SEED 42 FOLD 0] Epoch 002 | Train 0.6926 | Val RMSE 1.3731 R2 -0.3367 AUC 0.6700
2025-09-01 11:37:04 INFO [SEED 42 FOLD 0] Epoch 003 | Train 0.6596 | Val RMSE 1.4362 R2 -0.4626 AUC 0.6994
2025-09-01 11:37:05 INFO [SEED 42 FOLD 0] Epoch 004 | Train 0.6359 | Val RMSE 3.1307 R2 -5.9495 AUC 0.7156
2025-09-01 11:37:06 INFO [SEED 42 FOLD 0] Epoch 005 | Train 0.6190 | Val RMSE 3.1381 R2 -5.9824 AUC 0.7209
2025-09-01 11:37:10 INFO [SEED 42 FOLD 0] Epoch 010 | Train 0.5659 | Val RMSE 2.9743 R2 -5.2723 AUC 0.7180
2025-09-01 11:37:19 INFO [SEED 42 FOLD 0] Epoch 020 | Train 0.5211 | Val RMSE 1.8940 R2 -1.5435 AUC 0.7167
2025-09-01 11:37:27 INFO [SEED 42 FOLD 0] Epoch 030 | Train 0.5034 | Val RMSE 2.2944 R2 -2.7324 AUC 0.6737
2025-09-01 11:37:36 INFO [SEED 42 FOLD 0] Epoch 040 | Train 0.4919 | Val RMSE 2.1322 R2 -2.2233 AUC 0.6691
2025-09-01 11:37:45 INFO [SEED 42 FOLD 0] Epoch 050 | Train 0.4841 | Val RMSE 3.7373 R2 -8.9032 AUC 0.6644
2025-09-01 11:37:47 INFO [SEED 42 FOLD 0] 早停触发 at epoch 53
2025-09-01 11:37:59 INFO [SEED 42] 测试集 AUC-ROC: 0.7386
2025-09-01 11:37:59 INFO [SEED 42] 测试集结果: RMSE=2.4242, R2=-2.4812
2025-09-01 11:37:59 INFO ==== SEED 123 ====
2025-09-01 11:37:59 INFO [SEED 123] Loaded split from data/processed/siamese\split_info.json (three-split)
2025-09-01 11:37:59 INFO [SEED 123] 三分割: Train=30042, Val=10013, Test=10013
2025-09-01 11:38:12 INFO [SEED 123 FOLD 0] Train size: 30042, Val size: 10013, in_dim: 384
2025-09-01 11:38:13 INFO [SEED 123 FOLD 0] Epoch 001 | Train 0.7809 | Val RMSE 1.2459 R2 -0.1006 AUC 0.6814
2025-09-01 11:38:14 INFO [SEED 123 FOLD 0] Epoch 002 | Train 0.6936 | Val RMSE 1.6010 R2 -0.8173 AUC 0.6641
2025-09-01 11:38:15 INFO [SEED 123 FOLD 0] Epoch 003 | Train 0.6590 | Val RMSE 2.0094 R2 -1.8628 AUC 0.6741
2025-09-01 11:38:16 INFO [SEED 123 FOLD 0] Epoch 004 | Train 0.6371 | Val RMSE 3.2866 R2 -6.6588 AUC 0.6900
2025-09-01 11:38:16 INFO [SEED 123 FOLD 0] Epoch 005 | Train 0.6182 | Val RMSE 1.4640 R2 -0.5197 AUC 0.6979
2025-09-01 11:38:21 INFO [SEED 123 FOLD 0] Epoch 010 | Train 0.5672 | Val RMSE 2.6504 R2 -3.9806 AUC 0.7114
2025-09-01 11:38:30 INFO [SEED 123 FOLD 0] Epoch 020 | Train 0.5228 | Val RMSE 2.3169 R2 -2.8059 AUC 0.7083
2025-09-01 11:38:38 INFO [SEED 123 FOLD 0] Epoch 030 | Train 0.5049 | Val RMSE 1.9156 R2 -1.6017 AUC 0.6988
2025-09-01 11:38:39 INFO [SEED 123 FOLD 0] 早停触发 at epoch 31
2025-09-01 11:38:51 INFO [SEED 123] 测试集 AUC-ROC: 0.6565
2025-09-01 11:38:51 INFO [SEED 123] 测试集结果: RMSE=1.5866, R2=-0.4913
2025-09-01 11:38:51 INFO ==== SEED 456 ====
2025-09-01 11:38:51 INFO [SEED 456] Loaded split from data/processed/siamese\split_info.json (three-split)
2025-09-01 11:38:51 INFO [SEED 456] 三分割: Train=30042, Val=10013, Test=10013
2025-09-01 11:39:03 INFO [SEED 456 FOLD 0] Train size: 30042, Val size: 10013, in_dim: 384
2025-09-01 11:39:04 INFO [SEED 456 FOLD 0] Epoch 001 | Train 0.7860 | Val RMSE 1.6220 R2 -0.8654 AUC 0.6616
2025-09-01 11:39:04 INFO [SEED 456 FOLD 0] Epoch 002 | Train 0.6937 | Val RMSE 1.8543 R2 -1.4379 AUC 0.6811
2025-09-01 11:39:05 INFO [SEED 456 FOLD 0] Epoch 003 | Train 0.6592 | Val RMSE 2.7416 R2 -4.3294 AUC 0.6615
2025-09-01 11:39:06 INFO [SEED 456 FOLD 0] Epoch 004 | Train 0.6364 | Val RMSE 1.5581 R2 -0.7213 AUC 0.6562
2025-09-01 11:39:07 INFO [SEED 456 FOLD 0] Epoch 005 | Train 0.6148 | Val RMSE 1.9962 R2 -1.8254 AUC 0.6794
2025-09-01 11:39:11 INFO [SEED 456 FOLD 0] Epoch 010 | Train 0.5682 | Val RMSE 3.2990 R2 -6.7167 AUC 0.7068
2025-09-01 11:39:20 INFO [SEED 456 FOLD 0] Epoch 020 | Train 0.5208 | Val RMSE 1.7515 R2 -1.1751 AUC 0.6824
2025-09-01 11:39:29 INFO [SEED 456 FOLD 0] Epoch 030 | Train 0.5058 | Val RMSE 1.2451 R2 -0.0991 AUC 0.6836
2025-09-01 11:39:38 INFO [SEED 456 FOLD 0] Epoch 040 | Train 0.4941 | Val RMSE 1.4319 R2 -0.4538 AUC 0.6404
2025-09-01 11:39:46 INFO [SEED 456 FOLD 0] Epoch 050 | Train 0.4839 | Val RMSE 2.6151 R2 -3.8487 AUC 0.6718
2025-09-01 11:39:55 INFO [SEED 456 FOLD 0] Epoch 060 | Train 0.4749 | Val RMSE 2.3021 R2 -2.7578 AUC 0.6564
2025-09-01 11:39:55 INFO [SEED 456 FOLD 0] 早停触发 at epoch 60
2025-09-01 11:40:07 INFO [SEED 456] 测试集 AUC-ROC: 0.7335
2025-09-01 11:40:07 INFO [SEED 456] 测试集结果: RMSE=1.9297, R2=-1.2059
2025-09-01 11:40:07 INFO Summary saved to summary_metrics.json
2025-09-01 18:15:43 INFO Start run. data=data/processed/siamese, out=outputs/experiments/exp1_three_split/model_mut_only, mode=训练-验证-测试三分割, seeds=[42, 123, 456], device=CUDA
2025-09-01 18:15:43 INFO ==== SEED 42 ====
2025-09-01 18:15:43 INFO [SEED 42] Loaded split from data/processed/siamese/split_info.json (three-split)
2025-09-01 18:15:43 INFO [SEED 42] 三分割: Train=30042, Val=10013, Test=10013
2025-09-01 18:15:56 INFO [SEED 42 FOLD 0] Train size: 30042, Val size: 10013, in_dim: 384
2025-09-01 18:15:57 INFO [SEED 42 FOLD 0] Epoch 001 | Train 0.7796 | Val RMSE 1.3153 R2 -0.2266 AUC 0.6681
2025-09-01 18:15:58 INFO [SEED 42 FOLD 0] Epoch 002 | Train 0.6926 | Val RMSE 1.3731 R2 -0.3367 AUC 0.6700
2025-09-01 18:15:59 INFO [SEED 42 FOLD 0] Epoch 003 | Train 0.6596 | Val RMSE 1.4362 R2 -0.4626 AUC 0.6994
2025-09-01 18:16:00 INFO [SEED 42 FOLD 0] Epoch 004 | Train 0.6359 | Val RMSE 3.1307 R2 -5.9495 AUC 0.7156
2025-09-01 18:16:01 INFO [SEED 42 FOLD 0] Epoch 005 | Train 0.6190 | Val RMSE 3.1381 R2 -5.9824 AUC 0.7209
2025-09-01 18:16:05 INFO [SEED 42 FOLD 0] Epoch 010 | Train 0.5659 | Val RMSE 2.9743 R2 -5.2723 AUC 0.7180
2025-09-01 18:16:14 INFO [SEED 42 FOLD 0] Epoch 020 | Train 0.5211 | Val RMSE 1.8940 R2 -1.5435 AUC 0.7167
2025-09-01 18:16:23 INFO [SEED 42 FOLD 0] Epoch 030 | Train 0.5034 | Val RMSE 2.2944 R2 -2.7324 AUC 0.6737
2025-09-01 18:16:31 INFO [SEED 42 FOLD 0] Epoch 040 | Train 0.4919 | Val RMSE 2.1322 R2 -2.2233 AUC 0.6691
2025-09-01 18:16:40 INFO [SEED 42 FOLD 0] Epoch 050 | Train 0.4841 | Val RMSE 3.7373 R2 -8.9032 AUC 0.6644
2025-09-01 18:16:43 INFO [SEED 42 FOLD 0] 早停触发 at epoch 53
2025-09-01 18:16:54 INFO [SEED 42] 测试集 AUC-ROC: 0.7386
2025-09-01 18:16:54 INFO [SEED 42] 测试集结果: RMSE=2.4242, R2=-2.4812
2025-09-01 18:16:54 INFO ==== SEED 123 ====
2025-09-01 18:16:55 INFO [SEED 123] Loaded split from data/processed/siamese/split_info.json (three-split)
2025-09-01 18:16:55 INFO [SEED 123] 三分割: Train=30042, Val=10013, Test=10013
2025-09-01 18:17:06 INFO [SEED 123 FOLD 0] Train size: 30042, Val size: 10013, in_dim: 384
2025-09-01 18:17:07 INFO [SEED 123 FOLD 0] Epoch 001 | Train 0.7809 | Val RMSE 1.2459 R2 -0.1006 AUC 0.6814
2025-09-01 18:17:08 INFO [SEED 123 FOLD 0] Epoch 002 | Train 0.6936 | Val RMSE 1.6010 R2 -0.8173 AUC 0.6641
2025-09-01 18:17:09 INFO [SEED 123 FOLD 0] Epoch 003 | Train 0.6590 | Val RMSE 2.0094 R2 -1.8628 AUC 0.6741
2025-09-01 18:17:10 INFO [SEED 123 FOLD 0] Epoch 004 | Train 0.6371 | Val RMSE 3.2866 R2 -6.6588 AUC 0.6900
2025-09-01 18:17:11 INFO [SEED 123 FOLD 0] Epoch 005 | Train 0.6182 | Val RMSE 1.4640 R2 -0.5197 AUC 0.6979
2025-09-01 18:17:15 INFO [SEED 123 FOLD 0] Epoch 010 | Train 0.5672 | Val RMSE 2.6504 R2 -3.9806 AUC 0.7114
2025-09-01 18:17:24 INFO [SEED 123 FOLD 0] Epoch 020 | Train 0.5228 | Val RMSE 2.3169 R2 -2.8059 AUC 0.7083
2025-09-01 18:17:32 INFO [SEED 123 FOLD 0] Epoch 030 | Train 0.5049 | Val RMSE 1.9156 R2 -1.6017 AUC 0.6988
2025-09-01 18:17:33 INFO [SEED 123 FOLD 0] 早停触发 at epoch 31
2025-09-01 18:17:44 INFO [SEED 123] 测试集 AUC-ROC: 0.6565
2025-09-01 18:17:44 INFO [SEED 123] 测试集结果: RMSE=1.5866, R2=-0.4913
2025-09-01 18:17:44 INFO ==== SEED 456 ====
2025-09-01 18:17:45 INFO [SEED 456] Loaded split from data/processed/siamese/split_info.json (three-split)
2025-09-01 18:17:45 INFO [SEED 456] 三分割: Train=30042, Val=10013, Test=10013
2025-09-01 18:17:57 INFO [SEED 456 FOLD 0] Train size: 30042, Val size: 10013, in_dim: 384
2025-09-01 18:17:58 INFO [SEED 456 FOLD 0] Epoch 001 | Train 0.7860 | Val RMSE 1.6220 R2 -0.8654 AUC 0.6616
2025-09-01 18:17:59 INFO [SEED 456 FOLD 0] Epoch 002 | Train 0.6937 | Val RMSE 1.8543 R2 -1.4379 AUC 0.6811
2025-09-01 18:18:00 INFO [SEED 456 FOLD 0] Epoch 003 | Train 0.6592 | Val RMSE 2.7416 R2 -4.3294 AUC 0.6615
2025-09-01 18:18:00 INFO [SEED 456 FOLD 0] Epoch 004 | Train 0.6364 | Val RMSE 1.5581 R2 -0.7213 AUC 0.6562
2025-09-01 18:18:01 INFO [SEED 456 FOLD 0] Epoch 005 | Train 0.6148 | Val RMSE 1.9962 R2 -1.8254 AUC 0.6794
2025-09-01 18:18:06 INFO [SEED 456 FOLD 0] Epoch 010 | Train 0.5682 | Val RMSE 3.2990 R2 -6.7167 AUC 0.7068
2025-09-01 18:18:14 INFO [SEED 456 FOLD 0] Epoch 020 | Train 0.5208 | Val RMSE 1.7515 R2 -1.1751 AUC 0.6824
2025-09-01 18:18:23 INFO [SEED 456 FOLD 0] Epoch 030 | Train 0.5058 | Val RMSE 1.2451 R2 -0.0991 AUC 0.6836
2025-09-01 18:18:32 INFO [SEED 456 FOLD 0] Epoch 040 | Train 0.4941 | Val RMSE 1.4319 R2 -0.4538 AUC 0.6404
2025-09-01 18:18:40 INFO [SEED 456 FOLD 0] Epoch 050 | Train 0.4839 | Val RMSE 2.6151 R2 -3.8487 AUC 0.6718
2025-09-01 18:18:49 INFO [SEED 456 FOLD 0] Epoch 060 | Train 0.4749 | Val RMSE 2.3021 R2 -2.7578 AUC 0.6564
2025-09-01 18:18:49 INFO [SEED 456 FOLD 0] 早停触发 at epoch 60
2025-09-01 18:19:02 INFO [SEED 456] 测试集 AUC-ROC: 0.7335
2025-09-01 18:19:02 INFO [SEED 456] 测试集结果: RMSE=1.9297, R2=-1.2059
2025-09-01 18:19:02 INFO Summary saved to summary_metrics.json
