2025-09-01 11:27:44 INFO Start run. data=data/processed/siamese, out=outputs/experiments\exp1_three_split\model_no_exchange, mode=训练-验证-测试三分割, seeds=[42, 123, 456], device=CUDA
2025-09-01 11:27:44 INFO ==== SEED 42 ====
2025-09-01 11:27:45 INFO [SEED 42] Loaded split from data/processed/siamese\split_info.json (three-split)
2025-09-01 11:27:45 INFO [SEED 42] 三分割: Train=30042, Val=10013, Test=10013
2025-09-01 11:27:56 INFO [SEED 42 FOLD 0] Train size: 30042, Val size: 10013, in_dim: 384
2025-09-01 11:27:57 INFO [SEED 42 FOLD 0] Epoch 001 | Train 0.6786 | Val RMSE 1.0083 R2 0.2791 AUC 0.8074
2025-09-01 11:27:58 INFO [SEED 42 FOLD 0] Epoch 002 | Train 0.5365 | Val RMSE 0.9553 R2 0.3530 AUC 0.8400
2025-09-01 11:27:59 INFO [SEED 42 FOLD 0] Epoch 003 | Train 0.4837 | Val RMSE 0.9237 R2 0.3950 AUC 0.8644
2025-09-01 11:27:59 INFO [SEED 42 FOLD 0] Epoch 004 | Train 0.4364 | Val RMSE 1.2396 R2 -0.0895 AUC 0.8834
2025-09-01 11:28:00 INFO [SEED 42 FOLD 0] Epoch 005 | Train 0.3973 | Val RMSE 0.8481 R2 0.4900 AUC 0.8903
2025-09-01 11:28:04 INFO [SEED 42 FOLD 0] Epoch 010 | Train 0.2746 | Val RMSE 0.9620 R2 0.3439 AUC 0.9256
2025-09-01 11:28:10 INFO [SEED 42 FOLD 0] Epoch 020 | Train 0.1689 | Val RMSE 0.6683 R2 0.6833 AUC 0.9466
2025-09-01 11:28:17 INFO [SEED 42 FOLD 0] Epoch 030 | Train 0.1299 | Val RMSE 0.6289 R2 0.7196 AUC 0.9517
2025-09-01 11:28:25 INFO [SEED 42 FOLD 0] Epoch 040 | Train 0.1102 | Val RMSE 0.5907 R2 0.7526 AUC 0.9552
2025-09-01 11:28:32 INFO [SEED 42 FOLD 0] Epoch 050 | Train 0.0938 | Val RMSE 0.5479 R2 0.7872 AUC 0.9561
2025-09-01 11:28:39 INFO [SEED 42 FOLD 0] Epoch 060 | Train 0.0845 | Val RMSE 0.5736 R2 0.7667 AUC 0.9578
2025-09-01 11:28:46 INFO [SEED 42 FOLD 0] Epoch 070 | Train 0.0797 | Val RMSE 0.5772 R2 0.7638 AUC 0.9584
2025-09-01 11:28:53 INFO [SEED 42 FOLD 0] Epoch 080 | Train 0.0725 | Val RMSE 0.5377 R2 0.7950 AUC 0.9572
2025-09-01 11:29:00 INFO [SEED 42 FOLD 0] Epoch 090 | Train 0.0678 | Val RMSE 0.5765 R2 0.7643 AUC 0.9571
2025-09-01 11:29:07 INFO [SEED 42 FOLD 0] 早停触发 at epoch 99
2025-09-01 11:29:22 INFO [SEED 42] 测试集 AUC-ROC: 0.9611
2025-09-01 11:29:22 INFO [SEED 42] 测试集结果: RMSE=0.4679, R2=0.8703
2025-09-01 11:29:22 INFO ==== SEED 123 ====
2025-09-01 11:29:23 INFO [SEED 123] Loaded split from data/processed/siamese\split_info.json (three-split)
2025-09-01 11:29:23 INFO [SEED 123] 三分割: Train=30042, Val=10013, Test=10013
2025-09-01 11:29:36 INFO [SEED 123 FOLD 0] Train size: 30042, Val size: 10013, in_dim: 384
2025-09-01 11:29:37 INFO [SEED 123 FOLD 0] Epoch 001 | Train 0.6890 | Val RMSE 1.0069 R2 0.2811 AUC 0.7999
2025-09-01 11:29:38 INFO [SEED 123 FOLD 0] Epoch 002 | Train 0.5400 | Val RMSE 1.0022 R2 0.2879 AUC 0.8316
2025-09-01 11:29:38 INFO [SEED 123 FOLD 0] Epoch 003 | Train 0.4845 | Val RMSE 0.9872 R2 0.3091 AUC 0.8636
2025-09-01 11:29:39 INFO [SEED 123 FOLD 0] Epoch 004 | Train 0.4385 | Val RMSE 0.9105 R2 0.4122 AUC 0.8701
2025-09-01 11:29:40 INFO [SEED 123 FOLD 0] Epoch 005 | Train 0.3993 | Val RMSE 0.8614 R2 0.4739 AUC 0.8889
2025-09-01 11:29:43 INFO [SEED 123 FOLD 0] Epoch 010 | Train 0.2804 | Val RMSE 0.7336 R2 0.6184 AUC 0.9287
2025-09-01 11:29:50 INFO [SEED 123 FOLD 0] Epoch 020 | Train 0.1700 | Val RMSE 0.5921 R2 0.7514 AUC 0.9461
2025-09-01 11:29:57 INFO [SEED 123 FOLD 0] Epoch 030 | Train 0.1265 | Val RMSE 0.5723 R2 0.7678 AUC 0.9536
2025-09-01 11:30:04 INFO [SEED 123 FOLD 0] Epoch 040 | Train 0.1059 | Val RMSE 0.5327 R2 0.7988 AUC 0.9572
2025-09-01 11:30:11 INFO [SEED 123 FOLD 0] Epoch 050 | Train 0.0962 | Val RMSE 0.5539 R2 0.7825 AUC 0.9592
2025-09-01 11:30:18 INFO [SEED 123 FOLD 0] Epoch 060 | Train 0.0843 | Val RMSE 0.5163 R2 0.8110 AUC 0.9606
2025-09-01 11:30:25 INFO [SEED 123 FOLD 0] Epoch 070 | Train 0.0768 | Val RMSE 0.5340 R2 0.7978 AUC 0.9590
2025-09-01 11:30:32 INFO [SEED 123 FOLD 0] Epoch 080 | Train 0.0735 | Val RMSE 0.4681 R2 0.8447 AUC 0.9603
2025-09-01 11:30:40 INFO [SEED 123 FOLD 0] Epoch 090 | Train 0.0656 | Val RMSE 0.4819 R2 0.8353 AUC 0.9623
2025-09-01 11:30:47 INFO [SEED 123 FOLD 0] Epoch 100 | Train 0.0651 | Val RMSE 0.4672 R2 0.8453 AUC 0.9622
2025-09-01 11:30:52 INFO [SEED 123 FOLD 0] 早停触发 at epoch 108
2025-09-01 11:31:04 INFO [SEED 123] 测试集 AUC-ROC: 0.9621
2025-09-01 11:31:04 INFO [SEED 123] 测试集结果: RMSE=0.4343, R2=0.8882
2025-09-01 11:31:04 INFO ==== SEED 456 ====
2025-09-01 11:31:05 INFO [SEED 456] Loaded split from data/processed/siamese\split_info.json (three-split)
2025-09-01 11:31:05 INFO [SEED 456] 三分割: Train=30042, Val=10013, Test=10013
2025-09-01 11:31:17 INFO [SEED 456 FOLD 0] Train size: 30042, Val size: 10013, in_dim: 384
2025-09-01 11:31:18 INFO [SEED 456 FOLD 0] Epoch 001 | Train 0.6816 | Val RMSE 1.0283 R2 0.2503 AUC 0.8042
2025-09-01 11:31:19 INFO [SEED 456 FOLD 0] Epoch 002 | Train 0.5390 | Val RMSE 0.9632 R2 0.3422 AUC 0.8366
2025-09-01 11:31:19 INFO [SEED 456 FOLD 0] Epoch 003 | Train 0.4868 | Val RMSE 0.9145 R2 0.4070 AUC 0.8580
2025-09-01 11:31:20 INFO [SEED 456 FOLD 0] Epoch 004 | Train 0.4438 | Val RMSE 0.8801 R2 0.4508 AUC 0.8816
2025-09-01 11:31:21 INFO [SEED 456 FOLD 0] Epoch 005 | Train 0.4039 | Val RMSE 0.8303 R2 0.5112 AUC 0.8869
2025-09-01 11:31:24 INFO [SEED 456 FOLD 0] Epoch 010 | Train 0.2759 | Val RMSE 0.7530 R2 0.5979 AUC 0.9221
2025-09-01 11:31:31 INFO [SEED 456 FOLD 0] Epoch 020 | Train 0.1694 | Val RMSE 0.5916 R2 0.7518 AUC 0.9478
2025-09-01 11:31:38 INFO [SEED 456 FOLD 0] Epoch 030 | Train 0.1283 | Val RMSE 0.5399 R2 0.7933 AUC 0.9517
2025-09-01 11:31:45 INFO [SEED 456 FOLD 0] Epoch 040 | Train 0.1112 | Val RMSE 0.5300 R2 0.8009 AUC 0.9559
2025-09-01 11:31:52 INFO [SEED 456 FOLD 0] Epoch 050 | Train 0.0951 | Val RMSE 0.5268 R2 0.8032 AUC 0.9547
2025-09-01 11:31:59 INFO [SEED 456 FOLD 0] Epoch 060 | Train 0.0839 | Val RMSE 0.5359 R2 0.7964 AUC 0.9592
2025-09-01 11:32:06 INFO [SEED 456 FOLD 0] Epoch 070 | Train 0.0787 | Val RMSE 0.5226 R2 0.8063 AUC 0.9577
2025-09-01 11:32:12 INFO [SEED 456 FOLD 0] Epoch 080 | Train 0.0735 | Val RMSE 0.4893 R2 0.8303 AUC 0.9575
2025-09-01 11:32:19 INFO [SEED 456 FOLD 0] Epoch 090 | Train 0.0709 | Val RMSE 0.5049 R2 0.8192 AUC 0.9598
2025-09-01 11:32:26 INFO [SEED 456 FOLD 0] Epoch 100 | Train 0.0652 | Val RMSE 0.5224 R2 0.8065 AUC 0.9599
2025-09-01 11:32:33 INFO [SEED 456 FOLD 0] Epoch 110 | Train 0.0618 | Val RMSE 0.4896 R2 0.8301 AUC 0.9609
2025-09-01 11:32:39 INFO [SEED 456 FOLD 0] Epoch 120 | Train 0.0606 | Val RMSE 0.4887 R2 0.8306 AUC 0.9622
2025-09-01 11:32:46 INFO [SEED 456 FOLD 0] Epoch 130 | Train 0.0549 | Val RMSE 0.5006 R2 0.8223 AUC 0.9626
2025-09-01 11:32:53 INFO [SEED 456 FOLD 0] Epoch 140 | Train 0.0534 | Val RMSE 0.4923 R2 0.8282 AUC 0.9614
2025-09-01 11:32:54 INFO [SEED 456 FOLD 0] 早停触发 at epoch 142
2025-09-01 11:33:05 INFO [SEED 456] 测试集 AUC-ROC: 0.9624
2025-09-01 11:33:05 INFO [SEED 456] 测试集结果: RMSE=0.4310, R2=0.8900
2025-09-01 11:33:05 INFO Summary saved to summary_metrics.json
2025-09-01 18:06:50 INFO Start run. data=data/processed/siamese, out=outputs/experiments/exp1_three_split/model_no_exchange, mode=训练-验证-测试三分割, seeds=[42, 123, 456], device=CUDA
2025-09-01 18:06:50 INFO ==== SEED 42 ====
2025-09-01 18:06:51 INFO [SEED 42] Loaded split from data/processed/siamese/split_info.json (three-split)
2025-09-01 18:06:51 INFO [SEED 42] 三分割: Train=30042, Val=10013, Test=10013
2025-09-01 18:07:03 INFO [SEED 42 FOLD 0] Train size: 30042, Val size: 10013, in_dim: 384
2025-09-01 18:07:04 INFO [SEED 42 FOLD 0] Epoch 001 | Train 0.6786 | Val RMSE 1.0083 R2 0.2791 AUC 0.8074
2025-09-01 18:07:05 INFO [SEED 42 FOLD 0] Epoch 002 | Train 0.5365 | Val RMSE 0.9553 R2 0.3530 AUC 0.8400
2025-09-01 18:07:06 INFO [SEED 42 FOLD 0] Epoch 003 | Train 0.4837 | Val RMSE 0.9237 R2 0.3950 AUC 0.8644
2025-09-01 18:07:06 INFO [SEED 42 FOLD 0] Epoch 004 | Train 0.4364 | Val RMSE 1.2396 R2 -0.0895 AUC 0.8834
2025-09-01 18:07:07 INFO [SEED 42 FOLD 0] Epoch 005 | Train 0.3973 | Val RMSE 0.8481 R2 0.4900 AUC 0.8903
2025-09-01 18:07:10 INFO [SEED 42 FOLD 0] Epoch 010 | Train 0.2746 | Val RMSE 0.9620 R2 0.3439 AUC 0.9256
2025-09-01 18:07:17 INFO [SEED 42 FOLD 0] Epoch 020 | Train 0.1689 | Val RMSE 0.6683 R2 0.6833 AUC 0.9466
2025-09-01 18:07:24 INFO [SEED 42 FOLD 0] Epoch 030 | Train 0.1299 | Val RMSE 0.6289 R2 0.7196 AUC 0.9517
2025-09-01 18:07:30 INFO [SEED 42 FOLD 0] Epoch 040 | Train 0.1102 | Val RMSE 0.5907 R2 0.7526 AUC 0.9552
2025-09-01 18:07:37 INFO [SEED 42 FOLD 0] Epoch 050 | Train 0.0938 | Val RMSE 0.5479 R2 0.7872 AUC 0.9561
2025-09-01 18:07:44 INFO [SEED 42 FOLD 0] Epoch 060 | Train 0.0845 | Val RMSE 0.5736 R2 0.7667 AUC 0.9578
2025-09-01 18:07:51 INFO [SEED 42 FOLD 0] Epoch 070 | Train 0.0797 | Val RMSE 0.5772 R2 0.7638 AUC 0.9584
2025-09-01 18:07:58 INFO [SEED 42 FOLD 0] Epoch 080 | Train 0.0725 | Val RMSE 0.5377 R2 0.7950 AUC 0.9572
2025-09-01 18:08:04 INFO [SEED 42 FOLD 0] Epoch 090 | Train 0.0678 | Val RMSE 0.5765 R2 0.7643 AUC 0.9571
2025-09-01 18:08:10 INFO [SEED 42 FOLD 0] 早停触发 at epoch 99
2025-09-01 18:08:22 INFO [SEED 42] 测试集 AUC-ROC: 0.9611
2025-09-01 18:08:22 INFO [SEED 42] 测试集结果: RMSE=0.4679, R2=0.8703
2025-09-01 18:08:22 INFO ==== SEED 123 ====
2025-09-01 18:08:23 INFO [SEED 123] Loaded split from data/processed/siamese/split_info.json (three-split)
2025-09-01 18:08:23 INFO [SEED 123] 三分割: Train=30042, Val=10013, Test=10013
2025-09-01 18:08:34 INFO [SEED 123 FOLD 0] Train size: 30042, Val size: 10013, in_dim: 384
2025-09-01 18:08:35 INFO [SEED 123 FOLD 0] Epoch 001 | Train 0.6890 | Val RMSE 1.0069 R2 0.2811 AUC 0.7999
2025-09-01 18:08:36 INFO [SEED 123 FOLD 0] Epoch 002 | Train 0.5400 | Val RMSE 1.0022 R2 0.2879 AUC 0.8316
2025-09-01 18:08:36 INFO [SEED 123 FOLD 0] Epoch 003 | Train 0.4845 | Val RMSE 0.9872 R2 0.3091 AUC 0.8636
2025-09-01 18:08:37 INFO [SEED 123 FOLD 0] Epoch 004 | Train 0.4385 | Val RMSE 0.9105 R2 0.4122 AUC 0.8701
2025-09-01 18:08:38 INFO [SEED 123 FOLD 0] Epoch 005 | Train 0.3993 | Val RMSE 0.8614 R2 0.4739 AUC 0.8889
2025-09-01 18:08:41 INFO [SEED 123 FOLD 0] Epoch 010 | Train 0.2804 | Val RMSE 0.7336 R2 0.6184 AUC 0.9287
2025-09-01 18:08:48 INFO [SEED 123 FOLD 0] Epoch 020 | Train 0.1700 | Val RMSE 0.5921 R2 0.7514 AUC 0.9461
2025-09-01 18:08:55 INFO [SEED 123 FOLD 0] Epoch 030 | Train 0.1265 | Val RMSE 0.5723 R2 0.7678 AUC 0.9536
2025-09-01 18:09:02 INFO [SEED 123 FOLD 0] Epoch 040 | Train 0.1059 | Val RMSE 0.5327 R2 0.7988 AUC 0.9572
2025-09-01 18:09:08 INFO [SEED 123 FOLD 0] Epoch 050 | Train 0.0962 | Val RMSE 0.5539 R2 0.7825 AUC 0.9592
2025-09-01 18:09:15 INFO [SEED 123 FOLD 0] Epoch 060 | Train 0.0843 | Val RMSE 0.5163 R2 0.8110 AUC 0.9606
2025-09-01 18:09:22 INFO [SEED 123 FOLD 0] Epoch 070 | Train 0.0768 | Val RMSE 0.5340 R2 0.7978 AUC 0.9590
2025-09-01 18:09:29 INFO [SEED 123 FOLD 0] Epoch 080 | Train 0.0735 | Val RMSE 0.4681 R2 0.8447 AUC 0.9603
2025-09-01 18:09:35 INFO [SEED 123 FOLD 0] Epoch 090 | Train 0.0656 | Val RMSE 0.4819 R2 0.8353 AUC 0.9623
2025-09-01 18:09:42 INFO [SEED 123 FOLD 0] Epoch 100 | Train 0.0651 | Val RMSE 0.4672 R2 0.8453 AUC 0.9622
2025-09-01 18:09:47 INFO [SEED 123 FOLD 0] 早停触发 at epoch 108
2025-09-01 18:10:01 INFO [SEED 123] 测试集 AUC-ROC: 0.9621
2025-09-01 18:10:01 INFO [SEED 123] 测试集结果: RMSE=0.4343, R2=0.8882
2025-09-01 18:10:01 INFO ==== SEED 456 ====
2025-09-01 18:10:01 INFO [SEED 456] Loaded split from data/processed/siamese/split_info.json (three-split)
2025-09-01 18:10:01 INFO [SEED 456] 三分割: Train=30042, Val=10013, Test=10013
2025-09-01 18:10:12 INFO [SEED 456 FOLD 0] Train size: 30042, Val size: 10013, in_dim: 384
2025-09-01 18:10:13 INFO [SEED 456 FOLD 0] Epoch 001 | Train 0.6816 | Val RMSE 1.0283 R2 0.2503 AUC 0.8042
2025-09-01 18:10:14 INFO [SEED 456 FOLD 0] Epoch 002 | Train 0.5390 | Val RMSE 0.9632 R2 0.3422 AUC 0.8366
2025-09-01 18:10:14 INFO [SEED 456 FOLD 0] Epoch 003 | Train 0.4868 | Val RMSE 0.9145 R2 0.4070 AUC 0.8580
2025-09-01 18:10:15 INFO [SEED 456 FOLD 0] Epoch 004 | Train 0.4438 | Val RMSE 0.8801 R2 0.4508 AUC 0.8816
2025-09-01 18:10:16 INFO [SEED 456 FOLD 0] Epoch 005 | Train 0.4039 | Val RMSE 0.8303 R2 0.5112 AUC 0.8869
2025-09-01 18:10:19 INFO [SEED 456 FOLD 0] Epoch 010 | Train 0.2759 | Val RMSE 0.7530 R2 0.5979 AUC 0.9221
2025-09-01 18:10:26 INFO [SEED 456 FOLD 0] Epoch 020 | Train 0.1694 | Val RMSE 0.5916 R2 0.7518 AUC 0.9478
2025-09-01 18:10:33 INFO [SEED 456 FOLD 0] Epoch 030 | Train 0.1283 | Val RMSE 0.5399 R2 0.7933 AUC 0.9517
2025-09-01 18:10:39 INFO [SEED 456 FOLD 0] Epoch 040 | Train 0.1112 | Val RMSE 0.5300 R2 0.8009 AUC 0.9559
2025-09-01 18:10:46 INFO [SEED 456 FOLD 0] Epoch 050 | Train 0.0951 | Val RMSE 0.5268 R2 0.8032 AUC 0.9547
2025-09-01 18:10:53 INFO [SEED 456 FOLD 0] Epoch 060 | Train 0.0839 | Val RMSE 0.5359 R2 0.7964 AUC 0.9592
2025-09-01 18:11:00 INFO [SEED 456 FOLD 0] Epoch 070 | Train 0.0787 | Val RMSE 0.5226 R2 0.8063 AUC 0.9577
2025-09-01 18:11:07 INFO [SEED 456 FOLD 0] Epoch 080 | Train 0.0735 | Val RMSE 0.4893 R2 0.8303 AUC 0.9575
2025-09-01 18:11:13 INFO [SEED 456 FOLD 0] Epoch 090 | Train 0.0709 | Val RMSE 0.5049 R2 0.8192 AUC 0.9598
2025-09-01 18:11:20 INFO [SEED 456 FOLD 0] Epoch 100 | Train 0.0652 | Val RMSE 0.5224 R2 0.8065 AUC 0.9599
2025-09-01 18:11:27 INFO [SEED 456 FOLD 0] Epoch 110 | Train 0.0618 | Val RMSE 0.4896 R2 0.8301 AUC 0.9609
2025-09-01 18:11:34 INFO [SEED 456 FOLD 0] Epoch 120 | Train 0.0606 | Val RMSE 0.4887 R2 0.8306 AUC 0.9622
2025-09-01 18:11:40 INFO [SEED 456 FOLD 0] Epoch 130 | Train 0.0549 | Val RMSE 0.5006 R2 0.8223 AUC 0.9626
2025-09-01 18:11:47 INFO [SEED 456 FOLD 0] Epoch 140 | Train 0.0534 | Val RMSE 0.4923 R2 0.8282 AUC 0.9614
2025-09-01 18:11:48 INFO [SEED 456 FOLD 0] 早停触发 at epoch 142
2025-09-01 18:12:01 INFO [SEED 456] 测试集 AUC-ROC: 0.9624
2025-09-01 18:12:01 INFO [SEED 456] 测试集结果: RMSE=0.4310, R2=0.8900
2025-09-01 18:12:01 INFO Summary saved to summary_metrics.json
