2025-09-01 11:33:08 INFO Start run. data=data/processed/siamese, out=outputs/experiments\exp1_three_split\model_diff_only, mode=训练-验证-测试三分割, seeds=[42, 123, 456], device=CUDA
2025-09-01 11:33:08 INFO ==== SEED 42 ====
2025-09-01 11:33:08 INFO [SEED 42] Loaded split from data/processed/siamese\split_info.json (three-split)
2025-09-01 11:33:08 INFO [SEED 42] 三分割: Train=30042, Val=10013, Test=10013
2025-09-01 11:33:19 INFO [SEED 42 FOLD 0] Train size: 30042, Val size: 10013, in_dim: 384
2025-09-01 11:33:21 INFO [SEED 42 FOLD 0] Epoch 001 | Train 0.7522 | Val RMSE 1.3776 R2 -0.3455 AUC 0.6833
2025-09-01 11:33:22 INFO [SEED 42 FOLD 0] Epoch 002 | Train 0.6432 | Val RMSE 1.5282 R2 -0.6559 AUC 0.7129
2025-09-01 11:33:22 INFO [SEED 42 FOLD 0] Epoch 003 | Train 0.5916 | Val RMSE 1.2502 R2 -0.1083 AUC 0.6936
2025-09-01 11:33:23 INFO [SEED 42 FOLD 0] Epoch 004 | Train 0.5544 | Val RMSE 1.9903 R2 -1.8088 AUC 0.7137
2025-09-01 11:33:24 INFO [SEED 42 FOLD 0] Epoch 005 | Train 0.5299 | Val RMSE 1.8692 R2 -1.4773 AUC 0.7315
2025-09-01 11:33:29 INFO [SEED 42 FOLD 0] Epoch 010 | Train 0.4392 | Val RMSE 2.0948 R2 -2.1113 AUC 0.7811
2025-09-01 11:33:37 INFO [SEED 42 FOLD 0] Epoch 020 | Train 0.3472 | Val RMSE 1.5863 R2 -0.7841 AUC 0.8052
2025-09-01 11:33:46 INFO [SEED 42 FOLD 0] Epoch 030 | Train 0.2972 | Val RMSE 1.3668 R2 -0.3246 AUC 0.8392
2025-09-01 11:33:48 INFO [SEED 42 FOLD 0] 早停触发 at epoch 33
2025-09-01 11:34:00 INFO [SEED 42] 测试集 AUC-ROC: 0.7005
2025-09-01 11:34:00 INFO [SEED 42] 测试集结果: RMSE=1.5787, R2=-0.4763
2025-09-01 11:34:00 INFO ==== SEED 123 ====
2025-09-01 11:34:00 INFO [SEED 123] Loaded split from data/processed/siamese\split_info.json (three-split)
2025-09-01 11:34:00 INFO [SEED 123] 三分割: Train=30042, Val=10013, Test=10013
2025-09-01 11:34:12 INFO [SEED 123 FOLD 0] Train size: 30042, Val size: 10013, in_dim: 384
2025-09-01 11:34:13 INFO [SEED 123 FOLD 0] Epoch 001 | Train 0.7740 | Val RMSE 1.6139 R2 -0.8467 AUC 0.6840
2025-09-01 11:34:14 INFO [SEED 123 FOLD 0] Epoch 002 | Train 0.6546 | Val RMSE 1.4958 R2 -0.5864 AUC 0.6981
2025-09-01 11:34:14 INFO [SEED 123 FOLD 0] Epoch 003 | Train 0.5994 | Val RMSE 1.7878 R2 -1.2663 AUC 0.7212
2025-09-01 11:34:15 INFO [SEED 123 FOLD 0] Epoch 004 | Train 0.5612 | Val RMSE 1.7073 R2 -1.0668 AUC 0.7271
2025-09-01 11:34:16 INFO [SEED 123 FOLD 0] Epoch 005 | Train 0.5330 | Val RMSE 1.8731 R2 -1.4877 AUC 0.7443
2025-09-01 11:34:20 INFO [SEED 123 FOLD 0] Epoch 010 | Train 0.4430 | Val RMSE 1.5043 R2 -0.6044 AUC 0.7699
2025-09-01 11:34:29 INFO [SEED 123 FOLD 0] Epoch 020 | Train 0.3527 | Val RMSE 1.4496 R2 -0.4898 AUC 0.8069
2025-09-01 11:34:38 INFO [SEED 123 FOLD 0] Epoch 030 | Train 0.2987 | Val RMSE 1.6044 R2 -0.8252 AUC 0.8103
2025-09-01 11:34:47 INFO [SEED 123 FOLD 0] Epoch 040 | Train 0.2673 | Val RMSE 1.4310 R2 -0.4518 AUC 0.8291
2025-09-01 11:34:55 INFO [SEED 123 FOLD 0] Epoch 050 | Train 0.2449 | Val RMSE 1.5309 R2 -0.6617 AUC 0.8359
2025-09-01 11:35:04 INFO [SEED 123 FOLD 0] Epoch 060 | Train 0.2310 | Val RMSE 1.7142 R2 -1.0835 AUC 0.8413
2025-09-01 11:35:07 INFO [SEED 123 FOLD 0] 早停触发 at epoch 63
2025-09-01 11:35:18 INFO [SEED 123] 测试集 AUC-ROC: 0.8473
2025-09-01 11:35:18 INFO [SEED 123] 测试集结果: RMSE=1.1211, R2=0.2554
2025-09-01 11:35:18 INFO ==== SEED 456 ====
2025-09-01 11:35:18 INFO [SEED 456] Loaded split from data/processed/siamese\split_info.json (three-split)
2025-09-01 11:35:18 INFO [SEED 456] 三分割: Train=30042, Val=10013, Test=10013
2025-09-01 11:35:30 INFO [SEED 456 FOLD 0] Train size: 30042, Val size: 10013, in_dim: 384
2025-09-01 11:35:31 INFO [SEED 456 FOLD 0] Epoch 001 | Train 0.7638 | Val RMSE 1.8262 R2 -1.3646 AUC 0.6977
2025-09-01 11:35:32 INFO [SEED 456 FOLD 0] Epoch 002 | Train 0.6478 | Val RMSE 1.3579 R2 -0.3073 AUC 0.6988
2025-09-01 11:35:33 INFO [SEED 456 FOLD 0] Epoch 003 | Train 0.5984 | Val RMSE 1.4027 R2 -0.3950 AUC 0.6841
2025-09-01 11:35:34 INFO [SEED 456 FOLD 0] Epoch 004 | Train 0.5677 | Val RMSE 1.7070 R2 -1.0661 AUC 0.7132
2025-09-01 11:35:34 INFO [SEED 456 FOLD 0] Epoch 005 | Train 0.5364 | Val RMSE 1.6551 R2 -0.9422 AUC 0.6995
2025-09-01 11:35:39 INFO [SEED 456 FOLD 0] Epoch 010 | Train 0.4462 | Val RMSE 1.4829 R2 -0.5591 AUC 0.7660
2025-09-01 11:35:47 INFO [SEED 456 FOLD 0] Epoch 020 | Train 0.3520 | Val RMSE 1.3499 R2 -0.2920 AUC 0.8059
2025-09-01 11:35:56 INFO [SEED 456 FOLD 0] Epoch 030 | Train 0.2968 | Val RMSE 1.2958 R2 -0.1905 AUC 0.8347
2025-09-01 11:36:05 INFO [SEED 456 FOLD 0] Epoch 040 | Train 0.2685 | Val RMSE 1.3106 R2 -0.2178 AUC 0.8219
2025-09-01 11:36:13 INFO [SEED 456 FOLD 0] Epoch 050 | Train 0.2481 | Val RMSE 1.3931 R2 -0.3760 AUC 0.8299
2025-09-01 11:36:22 INFO [SEED 456 FOLD 0] Epoch 060 | Train 0.2275 | Val RMSE 1.7400 R2 -1.1466 AUC 0.8476
2025-09-01 11:36:34 INFO [SEED 456 FOLD 0] Epoch 070 | Train 0.2148 | Val RMSE 1.3775 R2 -0.3455 AUC 0.8577
2025-09-01 11:36:35 INFO [SEED 456 FOLD 0] 早停触发 at epoch 71
2025-09-01 11:36:46 INFO [SEED 456] 测试集 AUC-ROC: 0.8422
2025-09-01 11:36:46 INFO [SEED 456] 测试集结果: RMSE=1.2777, R2=0.0330
2025-09-01 11:36:46 INFO Summary saved to summary_metrics.json
2025-09-01 18:12:04 INFO Start run. data=data/processed/siamese, out=outputs/experiments/exp1_three_split/model_diff_only, mode=训练-验证-测试三分割, seeds=[42, 123, 456], device=CUDA
2025-09-01 18:12:04 INFO ==== SEED 42 ====
2025-09-01 18:12:04 INFO [SEED 42] Loaded split from data/processed/siamese/split_info.json (three-split)
2025-09-01 18:12:04 INFO [SEED 42] 三分割: Train=30042, Val=10013, Test=10013
2025-09-01 18:12:15 INFO [SEED 42 FOLD 0] Train size: 30042, Val size: 10013, in_dim: 384
2025-09-01 18:12:17 INFO [SEED 42 FOLD 0] Epoch 001 | Train 0.7522 | Val RMSE 1.3776 R2 -0.3455 AUC 0.6833
2025-09-01 18:12:18 INFO [SEED 42 FOLD 0] Epoch 002 | Train 0.6432 | Val RMSE 1.5282 R2 -0.6559 AUC 0.7129
2025-09-01 18:12:19 INFO [SEED 42 FOLD 0] Epoch 003 | Train 0.5916 | Val RMSE 1.2502 R2 -0.1083 AUC 0.6936
2025-09-01 18:12:20 INFO [SEED 42 FOLD 0] Epoch 004 | Train 0.5544 | Val RMSE 1.9903 R2 -1.8088 AUC 0.7137
2025-09-01 18:12:20 INFO [SEED 42 FOLD 0] Epoch 005 | Train 0.5299 | Val RMSE 1.8692 R2 -1.4773 AUC 0.7315
2025-09-01 18:12:25 INFO [SEED 42 FOLD 0] Epoch 010 | Train 0.4392 | Val RMSE 2.0948 R2 -2.1113 AUC 0.7811
2025-09-01 18:12:33 INFO [SEED 42 FOLD 0] Epoch 020 | Train 0.3472 | Val RMSE 1.5863 R2 -0.7841 AUC 0.8052
2025-09-01 18:12:42 INFO [SEED 42 FOLD 0] Epoch 030 | Train 0.2972 | Val RMSE 1.3668 R2 -0.3246 AUC 0.8392
2025-09-01 18:12:45 INFO [SEED 42 FOLD 0] 早停触发 at epoch 33
2025-09-01 18:12:57 INFO [SEED 42] 测试集 AUC-ROC: 0.7005
2025-09-01 18:12:57 INFO [SEED 42] 测试集结果: RMSE=1.5787, R2=-0.4763
2025-09-01 18:12:57 INFO ==== SEED 123 ====
2025-09-01 18:12:58 INFO [SEED 123] Loaded split from data/processed/siamese/split_info.json (three-split)
2025-09-01 18:12:58 INFO [SEED 123] 三分割: Train=30042, Val=10013, Test=10013
2025-09-01 18:13:10 INFO [SEED 123 FOLD 0] Train size: 30042, Val size: 10013, in_dim: 384
2025-09-01 18:13:10 INFO [SEED 123 FOLD 0] Epoch 001 | Train 0.7740 | Val RMSE 1.6139 R2 -0.8467 AUC 0.6840
2025-09-01 18:13:11 INFO [SEED 123 FOLD 0] Epoch 002 | Train 0.6546 | Val RMSE 1.4958 R2 -0.5864 AUC 0.6981
2025-09-01 18:13:12 INFO [SEED 123 FOLD 0] Epoch 003 | Train 0.5994 | Val RMSE 1.7878 R2 -1.2663 AUC 0.7212
2025-09-01 18:13:13 INFO [SEED 123 FOLD 0] Epoch 004 | Train 0.5612 | Val RMSE 1.7073 R2 -1.0668 AUC 0.7271
2025-09-01 18:13:14 INFO [SEED 123 FOLD 0] Epoch 005 | Train 0.5330 | Val RMSE 1.8731 R2 -1.4877 AUC 0.7443
2025-09-01 18:13:18 INFO [SEED 123 FOLD 0] Epoch 010 | Train 0.4430 | Val RMSE 1.5043 R2 -0.6044 AUC 0.7699
2025-09-01 18:13:27 INFO [SEED 123 FOLD 0] Epoch 020 | Train 0.3527 | Val RMSE 1.4496 R2 -0.4898 AUC 0.8069
2025-09-01 18:13:36 INFO [SEED 123 FOLD 0] Epoch 030 | Train 0.2987 | Val RMSE 1.6044 R2 -0.8252 AUC 0.8103
2025-09-01 18:13:44 INFO [SEED 123 FOLD 0] Epoch 040 | Train 0.2673 | Val RMSE 1.4310 R2 -0.4518 AUC 0.8291
2025-09-01 18:13:53 INFO [SEED 123 FOLD 0] Epoch 050 | Train 0.2449 | Val RMSE 1.5309 R2 -0.6617 AUC 0.8359
2025-09-01 18:14:02 INFO [SEED 123 FOLD 0] Epoch 060 | Train 0.2310 | Val RMSE 1.7142 R2 -1.0835 AUC 0.8413
2025-09-01 18:14:05 INFO [SEED 123 FOLD 0] 早停触发 at epoch 63
2025-09-01 18:14:16 INFO [SEED 123] 测试集 AUC-ROC: 0.8473
2025-09-01 18:14:16 INFO [SEED 123] 测试集结果: RMSE=1.1211, R2=0.2554
2025-09-01 18:14:16 INFO ==== SEED 456 ====
2025-09-01 18:14:16 INFO [SEED 456] Loaded split from data/processed/siamese/split_info.json (three-split)
2025-09-01 18:14:16 INFO [SEED 456] 三分割: Train=30042, Val=10013, Test=10013
2025-09-01 18:14:27 INFO [SEED 456 FOLD 0] Train size: 30042, Val size: 10013, in_dim: 384
2025-09-01 18:14:28 INFO [SEED 456 FOLD 0] Epoch 001 | Train 0.7638 | Val RMSE 1.8262 R2 -1.3646 AUC 0.6977
2025-09-01 18:14:29 INFO [SEED 456 FOLD 0] Epoch 002 | Train 0.6478 | Val RMSE 1.3579 R2 -0.3073 AUC 0.6988
2025-09-01 18:14:30 INFO [SEED 456 FOLD 0] Epoch 003 | Train 0.5984 | Val RMSE 1.4027 R2 -0.3950 AUC 0.6841
2025-09-01 18:14:31 INFO [SEED 456 FOLD 0] Epoch 004 | Train 0.5677 | Val RMSE 1.7070 R2 -1.0661 AUC 0.7132
2025-09-01 18:14:32 INFO [SEED 456 FOLD 0] Epoch 005 | Train 0.5364 | Val RMSE 1.6551 R2 -0.9422 AUC 0.6995
2025-09-01 18:14:36 INFO [SEED 456 FOLD 0] Epoch 010 | Train 0.4462 | Val RMSE 1.4829 R2 -0.5591 AUC 0.7660
2025-09-01 18:14:45 INFO [SEED 456 FOLD 0] Epoch 020 | Train 0.3520 | Val RMSE 1.3499 R2 -0.2920 AUC 0.8059
2025-09-01 18:14:53 INFO [SEED 456 FOLD 0] Epoch 030 | Train 0.2968 | Val RMSE 1.2958 R2 -0.1905 AUC 0.8347
2025-09-01 18:15:02 INFO [SEED 456 FOLD 0] Epoch 040 | Train 0.2685 | Val RMSE 1.3106 R2 -0.2178 AUC 0.8219
2025-09-01 18:15:11 INFO [SEED 456 FOLD 0] Epoch 050 | Train 0.2481 | Val RMSE 1.3931 R2 -0.3760 AUC 0.8299
2025-09-01 18:15:20 INFO [SEED 456 FOLD 0] Epoch 060 | Train 0.2275 | Val RMSE 1.7400 R2 -1.1466 AUC 0.8476
2025-09-01 18:15:28 INFO [SEED 456 FOLD 0] Epoch 070 | Train 0.2148 | Val RMSE 1.3775 R2 -0.3455 AUC 0.8577
2025-09-01 18:15:29 INFO [SEED 456 FOLD 0] 早停触发 at epoch 71
2025-09-01 18:15:40 INFO [SEED 456] 测试集 AUC-ROC: 0.8422
2025-09-01 18:15:40 INFO [SEED 456] 测试集结果: RMSE=1.2777, R2=0.0330
2025-09-01 18:15:40 INFO Summary saved to summary_metrics.json
