2025-09-01 04:42:47 INFO Start run. data=data/processed/siamese, out=outputs/experiments\exp1_three_split\model_base, mode=训练-验证-测试三分割, seeds=[42, 123, 456], device=CUDA
2025-09-01 04:42:47 INFO ==== SEED 42 ====
2025-09-01 04:42:48 INFO [SEED 42] Loaded split from data/processed/siamese\split_info.json (three-split)
2025-09-01 04:42:48 INFO [SEED 42] 三分割: Train=15254, Val=24786, Test=10028
2025-09-01 04:42:58 INFO [SEED 42 FOLD 0] Train size: 15254, Val size: 24786, in_dim: 384
2025-09-01 04:43:01 INFO [SEED 42 FOLD 0] Epoch 001 | Train 0.8649 | Val RMSE 27.5072 R2 -636.4593 AUC 0.4998
2025-09-01 04:43:02 INFO [SEED 42 FOLD 0] Epoch 002 | Train 0.5465 | Val RMSE 14.5009 R2 -176.1547 AUC 0.4954
2025-09-01 04:43:03 INFO [SEED 42 FOLD 0] Epoch 003 | Train 0.4231 | Val RMSE 38.1261 R2 -1223.6325 AUC 0.5006
2025-09-01 04:43:04 INFO [SEED 42 FOLD 0] Epoch 004 | Train 0.3436 | Val RMSE 45.0035 R2 -1705.2933 AUC 0.4967
2025-09-01 04:43:04 INFO [SEED 42 FOLD 0] Epoch 005 | Train 0.2890 | Val RMSE 32.1332 R2 -868.8958 AUC 0.5015
2025-09-01 04:43:08 INFO [SEED 42 FOLD 0] Epoch 010 | Train 0.1910 | Val RMSE 20.7349 R2 -361.2122 AUC 0.4967
2025-09-01 04:43:14 INFO [SEED 42 FOLD 0] Epoch 020 | Train 0.1292 | Val RMSE 5.0758 R2 -20.7058 AUC 0.5132
2025-09-01 04:43:21 INFO [SEED 42 FOLD 0] Epoch 030 | Train 0.1084 | Val RMSE 13.7807 R2 -158.9940 AUC 0.5063
2025-09-01 04:43:26 INFO [SEED 42 FOLD 0] 早停触发 at epoch 38
2025-09-01 11:21:02 INFO Start run. data=data/processed/siamese, out=outputs/experiments\exp1_three_split\model_base, mode=训练-验证-测试三分割, seeds=[42, 123, 456], device=CUDA
2025-09-01 11:21:02 INFO ==== SEED 42 ====
2025-09-01 11:21:02 INFO [SEED 42] Loaded split from data/processed/siamese\split_info.json (three-split)
2025-09-01 11:21:02 INFO [SEED 42] 三分割: Train=30042, Val=10013, Test=10013
2025-09-01 11:21:16 INFO [SEED 42 FOLD 0] Train size: 30042, Val size: 10013, in_dim: 384
2025-09-01 11:21:20 INFO [SEED 42 FOLD 0] Epoch 001 | Train 0.7113 | Val RMSE 0.9976 R2 0.2943 AUC 0.8057
2025-09-01 11:21:21 INFO [SEED 42 FOLD 0] Epoch 002 | Train 0.5609 | Val RMSE 1.0395 R2 0.2338 AUC 0.8390
2025-09-01 11:21:22 INFO [SEED 42 FOLD 0] Epoch 003 | Train 0.5069 | Val RMSE 0.9349 R2 0.3803 AUC 0.8640
2025-09-01 11:21:22 INFO [SEED 42 FOLD 0] Epoch 004 | Train 0.4614 | Val RMSE 1.2447 R2 -0.0986 AUC 0.8819
2025-09-01 11:21:23 INFO [SEED 42 FOLD 0] Epoch 005 | Train 0.4217 | Val RMSE 0.8296 R2 0.5121 AUC 0.8967
2025-09-01 11:21:31 INFO [SEED 42 FOLD 0] Epoch 010 | Train 0.2969 | Val RMSE 0.7940 R2 0.5530 AUC 0.9290
2025-09-01 11:21:40 INFO [SEED 42 FOLD 0] Epoch 020 | Train 0.1972 | Val RMSE 0.6668 R2 0.6848 AUC 0.9498
2025-09-01 11:21:49 INFO [SEED 42 FOLD 0] Epoch 030 | Train 0.1549 | Val RMSE 0.5478 R2 0.7873 AUC 0.9539
2025-09-01 11:21:58 INFO [SEED 42 FOLD 0] Epoch 040 | Train 0.1347 | Val RMSE 0.5572 R2 0.7799 AUC 0.9572
2025-09-01 11:22:07 INFO [SEED 42 FOLD 0] Epoch 050 | Train 0.1166 | Val RMSE 0.5077 R2 0.8172 AUC 0.9604
2025-09-01 11:22:16 INFO [SEED 42 FOLD 0] Epoch 060 | Train 0.1060 | Val RMSE 0.4686 R2 0.8443 AUC 0.9602
2025-09-01 11:22:25 INFO [SEED 42 FOLD 0] Epoch 070 | Train 0.1007 | Val RMSE 0.4890 R2 0.8305 AUC 0.9625
2025-09-01 11:22:34 INFO [SEED 42 FOLD 0] Epoch 080 | Train 0.0931 | Val RMSE 0.4922 R2 0.8283 AUC 0.9602
2025-09-01 11:22:43 INFO [SEED 42 FOLD 0] Epoch 090 | Train 0.0864 | Val RMSE 0.4871 R2 0.8318 AUC 0.9593
2025-09-01 11:22:52 INFO [SEED 42 FOLD 0] Epoch 100 | Train 0.0858 | Val RMSE 0.4621 R2 0.8486 AUC 0.9639
2025-09-01 11:22:57 INFO [SEED 42 FOLD 0] 早停触发 at epoch 106
2025-09-01 11:23:13 INFO [SEED 42] 测试集 AUC-ROC: 0.9631
2025-09-01 11:23:13 INFO [SEED 42] 测试集结果: RMSE=0.4100, R2=0.9004
2025-09-01 11:23:13 INFO ==== SEED 123 ====
2025-09-01 11:23:14 INFO [SEED 123] Loaded split from data/processed/siamese\split_info.json (three-split)
2025-09-01 11:23:14 INFO [SEED 123] 三分割: Train=30042, Val=10013, Test=10013
2025-09-01 11:23:26 INFO [SEED 123 FOLD 0] Train size: 30042, Val size: 10013, in_dim: 384
2025-09-01 11:23:27 INFO [SEED 123 FOLD 0] Epoch 001 | Train 0.7319 | Val RMSE 1.0231 R2 0.2579 AUC 0.7914
2025-09-01 11:23:28 INFO [SEED 123 FOLD 0] Epoch 002 | Train 0.5656 | Val RMSE 0.9691 R2 0.3342 AUC 0.8302
2025-09-01 11:23:29 INFO [SEED 123 FOLD 0] Epoch 003 | Train 0.5075 | Val RMSE 0.9690 R2 0.3342 AUC 0.8620
2025-09-01 11:23:30 INFO [SEED 123 FOLD 0] Epoch 004 | Train 0.4584 | Val RMSE 0.9106 R2 0.4121 AUC 0.8813
2025-09-01 11:23:31 INFO [SEED 123 FOLD 0] Epoch 005 | Train 0.4231 | Val RMSE 0.8294 R2 0.5122 AUC 0.8882
2025-09-01 11:23:35 INFO [SEED 123 FOLD 0] Epoch 010 | Train 0.3085 | Val RMSE 0.7580 R2 0.5926 AUC 0.9274
2025-09-01 11:23:45 INFO [SEED 123 FOLD 0] Epoch 020 | Train 0.1976 | Val RMSE 0.5953 R2 0.7487 AUC 0.9514
2025-09-01 11:23:54 INFO [SEED 123 FOLD 0] Epoch 030 | Train 0.1532 | Val RMSE 0.5677 R2 0.7715 AUC 0.9571
2025-09-01 11:24:03 INFO [SEED 123 FOLD 0] Epoch 040 | Train 0.1302 | Val RMSE 0.5474 R2 0.7875 AUC 0.9602
2025-09-01 11:24:12 INFO [SEED 123 FOLD 0] Epoch 050 | Train 0.1190 | Val RMSE 0.5427 R2 0.7912 AUC 0.9585
2025-09-01 11:24:22 INFO [SEED 123 FOLD 0] Epoch 060 | Train 0.1069 | Val RMSE 0.4531 R2 0.8545 AUC 0.9621
2025-09-01 11:24:31 INFO [SEED 123 FOLD 0] Epoch 070 | Train 0.1013 | Val RMSE 0.5302 R2 0.8006 AUC 0.9601
2025-09-01 11:24:40 INFO [SEED 123 FOLD 0] Epoch 080 | Train 0.0974 | Val RMSE 0.4945 R2 0.8266 AUC 0.9620
2025-09-01 11:24:49 INFO [SEED 123 FOLD 0] Epoch 090 | Train 0.0871 | Val RMSE 0.4483 R2 0.8575 AUC 0.9641
2025-09-01 11:24:52 INFO [SEED 123 FOLD 0] 早停触发 at epoch 94
2025-09-01 11:25:04 INFO [SEED 123] 测试集 AUC-ROC: 0.9637
2025-09-01 11:25:04 INFO [SEED 123] 测试集结果: RMSE=0.4411, R2=0.8847
2025-09-01 11:25:04 INFO ==== SEED 456 ====
2025-09-01 11:25:04 INFO [SEED 456] Loaded split from data/processed/siamese\split_info.json (three-split)
2025-09-01 11:25:04 INFO [SEED 456] 三分割: Train=30042, Val=10013, Test=10013
2025-09-01 11:25:16 INFO [SEED 456 FOLD 0] Train size: 30042, Val size: 10013, in_dim: 384
2025-09-01 11:25:17 INFO [SEED 456 FOLD 0] Epoch 001 | Train 0.7157 | Val RMSE 1.0140 R2 0.2710 AUC 0.8030
2025-09-01 11:25:18 INFO [SEED 456 FOLD 0] Epoch 002 | Train 0.5690 | Val RMSE 0.9654 R2 0.3392 AUC 0.8276
2025-09-01 11:25:19 INFO [SEED 456 FOLD 0] Epoch 003 | Train 0.5152 | Val RMSE 0.8969 R2 0.4296 AUC 0.8595
2025-09-01 11:25:20 INFO [SEED 456 FOLD 0] Epoch 004 | Train 0.4726 | Val RMSE 0.9104 R2 0.4124 AUC 0.8759
2025-09-01 11:25:21 INFO [SEED 456 FOLD 0] Epoch 005 | Train 0.4310 | Val RMSE 0.8331 R2 0.5080 AUC 0.8947
2025-09-01 11:25:25 INFO [SEED 456 FOLD 0] Epoch 010 | Train 0.3014 | Val RMSE 0.7195 R2 0.6329 AUC 0.9264
2025-09-01 11:25:34 INFO [SEED 456 FOLD 0] Epoch 020 | Train 0.1966 | Val RMSE 0.5722 R2 0.7679 AUC 0.9489
2025-09-01 11:25:43 INFO [SEED 456 FOLD 0] Epoch 030 | Train 0.1504 | Val RMSE 0.5245 R2 0.8049 AUC 0.9549
2025-09-01 11:25:52 INFO [SEED 456 FOLD 0] Epoch 040 | Train 0.1299 | Val RMSE 0.5213 R2 0.8073 AUC 0.9572
2025-09-01 11:26:01 INFO [SEED 456 FOLD 0] Epoch 050 | Train 0.1172 | Val RMSE 0.5573 R2 0.7798 AUC 0.9605
2025-09-01 11:26:10 INFO [SEED 456 FOLD 0] Epoch 060 | Train 0.1035 | Val RMSE 0.5385 R2 0.7944 AUC 0.9630
2025-09-01 11:26:19 INFO [SEED 456 FOLD 0] Epoch 070 | Train 0.0974 | Val RMSE 0.5195 R2 0.8087 AUC 0.9589
2025-09-01 11:26:28 INFO [SEED 456 FOLD 0] Epoch 080 | Train 0.0932 | Val RMSE 0.4989 R2 0.8235 AUC 0.9633
2025-09-01 11:26:38 INFO [SEED 456 FOLD 0] Epoch 090 | Train 0.0884 | Val RMSE 0.5039 R2 0.8200 AUC 0.9626
2025-09-01 11:26:47 INFO [SEED 456 FOLD 0] Epoch 100 | Train 0.0829 | Val RMSE 0.4315 R2 0.8680 AUC 0.9643
2025-09-01 11:26:57 INFO [SEED 456 FOLD 0] Epoch 110 | Train 0.0789 | Val RMSE 0.4295 R2 0.8692 AUC 0.9659
2025-09-01 11:27:06 INFO [SEED 456 FOLD 0] Epoch 120 | Train 0.0777 | Val RMSE 0.4774 R2 0.8384 AUC 0.9648
2025-09-01 11:27:16 INFO [SEED 456 FOLD 0] Epoch 130 | Train 0.0732 | Val RMSE 0.4662 R2 0.8459 AUC 0.9651
2025-09-01 11:27:26 INFO [SEED 456 FOLD 0] Epoch 140 | Train 0.0711 | Val RMSE 0.4604 R2 0.8497 AUC 0.9658
2025-09-01 11:27:29 INFO [SEED 456 FOLD 0] 早停触发 at epoch 143
2025-09-01 11:27:42 INFO [SEED 456] 测试集 AUC-ROC: 0.9672
2025-09-01 11:27:42 INFO [SEED 456] 测试集结果: RMSE=0.4185, R2=0.8962
2025-09-01 11:27:42 INFO Summary saved to summary_metrics.json
2025-09-01 18:00:30 INFO Start run. data=data/processed/siamese, out=outputs/experiments/exp1_three_split/model_base, mode=训练-验证-测试三分割, seeds=[42, 123, 456], device=CUDA
2025-09-01 18:00:30 INFO ==== SEED 42 ====
2025-09-01 18:00:31 INFO [SEED 42] Loaded split from data/processed/siamese/split_info.json (three-split)
2025-09-01 18:00:31 INFO [SEED 42] 三分割: Train=30042, Val=10013, Test=10013
2025-09-01 18:00:42 INFO [SEED 42 FOLD 0] Train size: 30042, Val size: 10013, in_dim: 384
2025-09-01 18:00:46 INFO [SEED 42 FOLD 0] Epoch 001 | Train 0.7113 | Val RMSE 0.9976 R2 0.2943 AUC 0.8057
2025-09-01 18:00:47 INFO [SEED 42 FOLD 0] Epoch 002 | Train 0.5609 | Val RMSE 1.0395 R2 0.2338 AUC 0.8390
2025-09-01 18:00:48 INFO [SEED 42 FOLD 0] Epoch 003 | Train 0.5069 | Val RMSE 0.9349 R2 0.3803 AUC 0.8640
2025-09-01 18:00:48 INFO [SEED 42 FOLD 0] Epoch 004 | Train 0.4614 | Val RMSE 1.2447 R2 -0.0986 AUC 0.8819
2025-09-01 18:00:49 INFO [SEED 42 FOLD 0] Epoch 005 | Train 0.4217 | Val RMSE 0.8296 R2 0.5121 AUC 0.8967
2025-09-01 18:00:54 INFO [SEED 42 FOLD 0] Epoch 010 | Train 0.2969 | Val RMSE 0.7940 R2 0.5530 AUC 0.9290
2025-09-01 18:01:03 INFO [SEED 42 FOLD 0] Epoch 020 | Train 0.1972 | Val RMSE 0.6668 R2 0.6848 AUC 0.9498
2025-09-01 18:01:11 INFO [SEED 42 FOLD 0] Epoch 030 | Train 0.1549 | Val RMSE 0.5478 R2 0.7873 AUC 0.9539
2025-09-01 18:01:20 INFO [SEED 42 FOLD 0] Epoch 040 | Train 0.1347 | Val RMSE 0.5572 R2 0.7799 AUC 0.9572
2025-09-01 18:01:29 INFO [SEED 42 FOLD 0] Epoch 050 | Train 0.1166 | Val RMSE 0.5077 R2 0.8172 AUC 0.9604
2025-09-01 18:01:37 INFO [SEED 42 FOLD 0] Epoch 060 | Train 0.1060 | Val RMSE 0.4686 R2 0.8443 AUC 0.9602
2025-09-01 18:01:46 INFO [SEED 42 FOLD 0] Epoch 070 | Train 0.1007 | Val RMSE 0.4890 R2 0.8305 AUC 0.9625
2025-09-01 18:01:55 INFO [SEED 42 FOLD 0] Epoch 080 | Train 0.0931 | Val RMSE 0.4922 R2 0.8283 AUC 0.9602
2025-09-01 18:02:04 INFO [SEED 42 FOLD 0] Epoch 090 | Train 0.0864 | Val RMSE 0.4871 R2 0.8318 AUC 0.9593
2025-09-01 18:02:12 INFO [SEED 42 FOLD 0] Epoch 100 | Train 0.0858 | Val RMSE 0.4621 R2 0.8486 AUC 0.9639
2025-09-01 18:02:17 INFO [SEED 42 FOLD 0] 早停触发 at epoch 106
2025-09-01 18:02:29 INFO [SEED 42] 测试集 AUC-ROC: 0.9631
2025-09-01 18:02:29 INFO [SEED 42] 测试集结果: RMSE=0.4100, R2=0.9004
2025-09-01 18:02:29 INFO ==== SEED 123 ====
2025-09-01 18:02:29 INFO [SEED 123] Loaded split from data/processed/siamese/split_info.json (three-split)
2025-09-01 18:02:29 INFO [SEED 123] 三分割: Train=30042, Val=10013, Test=10013
2025-09-01 18:02:41 INFO [SEED 123 FOLD 0] Train size: 30042, Val size: 10013, in_dim: 384
2025-09-01 18:02:42 INFO [SEED 123 FOLD 0] Epoch 001 | Train 0.7319 | Val RMSE 1.0231 R2 0.2579 AUC 0.7914
2025-09-01 18:02:43 INFO [SEED 123 FOLD 0] Epoch 002 | Train 0.5656 | Val RMSE 0.9691 R2 0.3342 AUC 0.8302
2025-09-01 18:02:44 INFO [SEED 123 FOLD 0] Epoch 003 | Train 0.5075 | Val RMSE 0.9690 R2 0.3342 AUC 0.8620
2025-09-01 18:02:45 INFO [SEED 123 FOLD 0] Epoch 004 | Train 0.4584 | Val RMSE 0.9106 R2 0.4121 AUC 0.8813
2025-09-01 18:02:45 INFO [SEED 123 FOLD 0] Epoch 005 | Train 0.4231 | Val RMSE 0.8294 R2 0.5122 AUC 0.8882
2025-09-01 18:02:50 INFO [SEED 123 FOLD 0] Epoch 010 | Train 0.3085 | Val RMSE 0.7580 R2 0.5926 AUC 0.9274
2025-09-01 18:02:59 INFO [SEED 123 FOLD 0] Epoch 020 | Train 0.1976 | Val RMSE 0.5953 R2 0.7487 AUC 0.9514
2025-09-01 18:03:08 INFO [SEED 123 FOLD 0] Epoch 030 | Train 0.1532 | Val RMSE 0.5677 R2 0.7715 AUC 0.9571
2025-09-01 18:03:16 INFO [SEED 123 FOLD 0] Epoch 040 | Train 0.1302 | Val RMSE 0.5474 R2 0.7875 AUC 0.9602
2025-09-01 18:03:25 INFO [SEED 123 FOLD 0] Epoch 050 | Train 0.1190 | Val RMSE 0.5427 R2 0.7912 AUC 0.9585
2025-09-01 18:03:34 INFO [SEED 123 FOLD 0] Epoch 060 | Train 0.1069 | Val RMSE 0.4531 R2 0.8545 AUC 0.9621
2025-09-01 18:03:43 INFO [SEED 123 FOLD 0] Epoch 070 | Train 0.1013 | Val RMSE 0.5302 R2 0.8006 AUC 0.9601
2025-09-01 18:03:52 INFO [SEED 123 FOLD 0] Epoch 080 | Train 0.0974 | Val RMSE 0.4945 R2 0.8266 AUC 0.9620
2025-09-01 18:04:00 INFO [SEED 123 FOLD 0] Epoch 090 | Train 0.0871 | Val RMSE 0.4483 R2 0.8575 AUC 0.9641
2025-09-01 18:04:04 INFO [SEED 123 FOLD 0] 早停触发 at epoch 94
2025-09-01 18:04:15 INFO [SEED 123] 测试集 AUC-ROC: 0.9637
2025-09-01 18:04:15 INFO [SEED 123] 测试集结果: RMSE=0.4411, R2=0.8847
2025-09-01 18:04:15 INFO ==== SEED 456 ====
2025-09-01 18:04:16 INFO [SEED 456] Loaded split from data/processed/siamese/split_info.json (three-split)
2025-09-01 18:04:16 INFO [SEED 456] 三分割: Train=30042, Val=10013, Test=10013
2025-09-01 18:04:27 INFO [SEED 456 FOLD 0] Train size: 30042, Val size: 10013, in_dim: 384
2025-09-01 18:04:28 INFO [SEED 456 FOLD 0] Epoch 001 | Train 0.7157 | Val RMSE 1.0140 R2 0.2710 AUC 0.8030
2025-09-01 18:04:29 INFO [SEED 456 FOLD 0] Epoch 002 | Train 0.5690 | Val RMSE 0.9654 R2 0.3392 AUC 0.8276
2025-09-01 18:04:30 INFO [SEED 456 FOLD 0] Epoch 003 | Train 0.5152 | Val RMSE 0.8969 R2 0.4296 AUC 0.8595
2025-09-01 18:04:31 INFO [SEED 456 FOLD 0] Epoch 004 | Train 0.4726 | Val RMSE 0.9104 R2 0.4124 AUC 0.8759
2025-09-01 18:04:31 INFO [SEED 456 FOLD 0] Epoch 005 | Train 0.4310 | Val RMSE 0.8331 R2 0.5080 AUC 0.8947
2025-09-01 18:04:36 INFO [SEED 456 FOLD 0] Epoch 010 | Train 0.3014 | Val RMSE 0.7195 R2 0.6329 AUC 0.9264
2025-09-01 18:04:44 INFO [SEED 456 FOLD 0] Epoch 020 | Train 0.1966 | Val RMSE 0.5722 R2 0.7679 AUC 0.9489
2025-09-01 18:04:54 INFO [SEED 456 FOLD 0] Epoch 030 | Train 0.1504 | Val RMSE 0.5245 R2 0.8049 AUC 0.9549
2025-09-01 18:05:02 INFO [SEED 456 FOLD 0] Epoch 040 | Train 0.1299 | Val RMSE 0.5213 R2 0.8073 AUC 0.9572
2025-09-01 18:05:11 INFO [SEED 456 FOLD 0] Epoch 050 | Train 0.1172 | Val RMSE 0.5573 R2 0.7798 AUC 0.9605
2025-09-01 18:05:20 INFO [SEED 456 FOLD 0] Epoch 060 | Train 0.1035 | Val RMSE 0.5385 R2 0.7944 AUC 0.9630
2025-09-01 18:05:29 INFO [SEED 456 FOLD 0] Epoch 070 | Train 0.0974 | Val RMSE 0.5195 R2 0.8087 AUC 0.9589
2025-09-01 18:05:37 INFO [SEED 456 FOLD 0] Epoch 080 | Train 0.0932 | Val RMSE 0.4989 R2 0.8235 AUC 0.9633
2025-09-01 18:05:46 INFO [SEED 456 FOLD 0] Epoch 090 | Train 0.0884 | Val RMSE 0.5039 R2 0.8200 AUC 0.9626
2025-09-01 18:05:55 INFO [SEED 456 FOLD 0] Epoch 100 | Train 0.0829 | Val RMSE 0.4315 R2 0.8680 AUC 0.9643
2025-09-01 18:06:04 INFO [SEED 456 FOLD 0] Epoch 110 | Train 0.0789 | Val RMSE 0.4295 R2 0.8692 AUC 0.9659
2025-09-01 18:06:12 INFO [SEED 456 FOLD 0] Epoch 120 | Train 0.0777 | Val RMSE 0.4774 R2 0.8384 AUC 0.9648
2025-09-01 18:06:21 INFO [SEED 456 FOLD 0] Epoch 130 | Train 0.0732 | Val RMSE 0.4662 R2 0.8459 AUC 0.9651
2025-09-01 18:06:31 INFO [SEED 456 FOLD 0] Epoch 140 | Train 0.0711 | Val RMSE 0.4604 R2 0.8497 AUC 0.9658
2025-09-01 18:06:34 INFO [SEED 456 FOLD 0] 早停触发 at epoch 143
2025-09-01 18:06:47 INFO [SEED 456] 测试集 AUC-ROC: 0.9672
2025-09-01 18:06:47 INFO [SEED 456] 测试集结果: RMSE=0.4185, R2=0.8962
2025-09-01 18:06:47 INFO Summary saved to summary_metrics.json
